<?xml version="1.0" encoding="utf-8" ?>

<chapter id="test-doubles">
  <title>テストダブル</title>

  <caution>
    <para>
      このドキュメントは、すでにサポートが終了したバージョンの PHPUnit に関するものです。
    </para>

    <para>
      最新版の PHPUnit のドキュメントは
      <ulink url="../../current/ja/index.html">こちら</ulink>にあります。
    </para>
  </caution>

  <para>
    Gerard Meszaros は、テストダブルの概念を
    <xref linkend="Meszaros2007" /> でこのように述べています。
  </para>

  <blockquote>
    <attribution>Gerard Meszaros</attribution>
    <para>
      <indexterm><primary>System Under Test</primary></indexterm>

      Sometimes it is just plain hard to test the system under test (SUT)
      because it depends on other components that cannot be used in the test
      environment. This could be because they aren't available, they will not
      return the results needed for the test or because executing them would
      have undesirable side effects. In other cases, our test strategy requires
      us to have more control or visibility of the internal behavior of the SUT.
    </para>
    <para>
      - テスト対象のシステム (SUT: system under test)
      をテストすることは、時に非常に困難なこととなります。というのも、
      システムが他のコンポーネントに依存しており、
      そのコンポーネントをテスト環境で利用できないことがあるからです。
      そもそも使用不可能であったりテストで必要な結果を返さなかったり、
      あるいは好ましくない副作用があったりといったことです。
      それ以外の場合も、テスト環境の内部的な振る舞いをきちんと制御して
      目に見えるようにしておくことが必要です。
    </para>

    <para>
      <indexterm><primary>Depended-On Component</primary></indexterm>
      <indexterm><primary>Test Double</primary></indexterm>

      When we are writing a test in which we cannot (or chose not to) use a real
      depended-on component (DOC), we can replace it with a Test Double. The
      Test Double doesn't have to behave exactly like the real DOC; it merely
      has to provide the same API as the real one so that the SUT thinks it is
      the real one!
    </para>
    <para>
      - 実際に依存するコンポーネント (DOC: depended-on component)
      を使わないテストを書く場合は、それをテストダブルで置き換えることができます。
      テストダブルは、必ずしも実際の DOC
      とまったく同様に動作する必要はありません。
      単に実際のものと同じ API を提供し、
      SUT に「これは本物だ!」と思わせるだけでいいのです。
    </para>
  </blockquote>

  <para>
    <indexterm><primary>Stub</primary></indexterm>

    <emphasis>スタブ</emphasis> を用いて SUT
    が依存している実際のコンポーネントを置き換え、
    SUT の入力を間接的にコントロールできるようにすることができます。
    これにより、SUT が他の何者も実行しないことを強制させることができます。
  </para>

  <section id="test-doubles.stubs">
    <title>スタブ</title>

    <para>
      <indexterm><primary>Stub</primary></indexterm>
      <indexterm><primary>Fluent Interface</primary></indexterm>

      <xref linkend="test-doubles.stubs.examples.StubTest.php" />
      に、スタブメソッドの作成と返り値の設定の方法を示します。まず、
      <literal>PHPUnit_Framework_TestCase</literal> クラス (<xref
      linkend="api.testcase.tables.api" /> を参照ください) の
      <literal>getMock()</literal> メソッドを用いて
      <literal>SomeClass</literal> オブジェクトのスタブを作成します。
      次に、PHPUnit が提供する、いわゆる
      <ulink url="http://martinfowler.com/bliki/FluentInterface.html">Fluent Interface</ulink>
      (<ulink url="http://capsctrl.que.jp/kdmsnr/wiki/bliki/?FluentInterface">流れるようなインターフェイス</ulink>)
      を用いてスタブの振る舞いを指定します。簡単に言うと、
      いくつもの一時オブジェクトを作成して、
      それらを連結するといった操作は必要ないということです。
      そのかわりに、例にあるようにメソッドの呼び出しを連結します。
      このほうが、より読みやすく "流れるような" コードとなります。
    </para>

    <example id="test-doubles.stubs.examples.StubTest.php">
      <indexterm><primary>getMock()</primary></indexterm>
      <indexterm><primary>expects()</primary></indexterm>
      <indexterm><primary>method()</primary></indexterm>
      <indexterm><primary>will()</primary></indexterm>
      <indexterm><primary>returnValue()</primary></indexterm>
      <title>メソッドに固定値を返させるスタブ</title>
      <programlisting><![CDATA[<?php
require_once 'PHPUnit/Framework.php';

class SomeClass
{
    public function doSomething()
    {
        // なにかをします
    }
}

class StubTest extends PHPUnit_Framework_TestCase
{
    public function testStub()
    {
        // SomeClass クラスのスタブを作成します
        $stub = $this->getMock('SomeClass');

        // スタブの設定を行います
        $stub->expects($this->any())
             ->method('doSomething')
             ->will($this->returnValue('foo'));

        // $stub->doSomething() をコールすると
        // 'foo' を返すようになります
        $this->assertEquals('foo', $stub->doSomething());
    }
}
?>]]></programlisting>
    </example>

    <para>
      時には、メソッドをコールした際の引数のひとつを
      (そのまま) スタブメソッドコールの返り値としたいこともあるでしょう。
      <xref linkend="test-doubles.stubs.examples.StubTest2.php"/> は、
      <literal>returnValue()</literal> のかわりに
      <literal>returnArgument()</literal> を用いてこれを実現する例です。
    </para>

    <example id="test-doubles.stubs.examples.StubTest2.php">
      <indexterm><primary>getMock()</primary></indexterm>
      <indexterm><primary>expects()</primary></indexterm>
      <indexterm><primary>method()</primary></indexterm>
      <indexterm><primary>will()</primary></indexterm>
      <indexterm><primary>returnArgument()</primary></indexterm>
      <title>メソッドに引数のひとつを返させるスタブ</title>
      <programlisting><![CDATA[<?php
class SomeClass
{
    public function doSomething($argument)
    {
        // なにかをします
    }
}

class StubTest extends PHPUnit_Framework_TestCase
{
    public function testReturnArgumentStub()
    {
        // SomeClass クラスのスタブを作成します
        $stub = $this->getMock('SomeClass');

        // スタブの設定を行います
        $stub->expects($this->any())
             ->method('doSomething')
             ->will($this->returnArgument(0));

        // $stub->doSomething('foo') は 'foo' を返します
        $this->assertEquals('foo', $stub->doSomething('foo'));

        // $stub->doSomething('bar') は 'bar' を返します
        $this->assertEquals('bar', $stub->doSomething('bar'));
    }
}
?>]]></programlisting>
    </example>

    <para>
      スタブメソッドをコールした結果として固定値
      (<literal>returnValue()</literal> を参照ください) や (不変の) 引数
      (<literal>returnArgument()</literal> を参照ください)
      ではなく計算した値を返したい場合は、
      <literal>returnCallback()</literal> を使用します。
      これは、スタブメソッドからコールバック関数やメソッドの結果を返させます。
      <xref linkend="test-doubles.stubs.examples.StubTest3.php"/>
      を参照ください。
    </para>

    <example id="test-doubles.stubs.examples.StubTest3.php">
      <indexterm><primary>getMock()</primary></indexterm>
      <indexterm><primary>expects()</primary></indexterm>
      <indexterm><primary>method()</primary></indexterm>
      <indexterm><primary>will()</primary></indexterm>
      <indexterm><primary>returnCallback()</primary></indexterm>
      <title>メソッドにコールバックからの値を返させるスタブ</title>
      <programlisting><![CDATA[<?php
class SomeClass
{
    public function doSomething($argument)
    {
        // なにかをします
    }
}

class StubTest extends PHPUnit_Framework_TestCase
{
    public function testReturnCallbackStub()
    {
        // SomeClass クラスのスタブを作成します
        $stub = $this->getMock('SomeClass');

        // スタブの設定を行います
        $stub->expects($this->any())
             ->method('doSomething')
             ->will($this->returnCallback('str_rot13'));

        // $stub->doSomething($argument) は str_rot13($argument) を返します
        $this->assertEquals('fbzrguvat', $stub->doSomething('something'));
    }
}
?>]]></programlisting>
    </example>

    <para>
      値を返すのではなく、スタブメソッドで例外を発生させることもできます。
      <xref linkend="test-doubles.stubs.examples.StubTest4.php"/>
      に、<literal>throwException()</literal> でこれを行う方法を示します。
    </para>

    <example id="test-doubles.stubs.examples.StubTest4.php">
      <indexterm><primary>getMock()</primary></indexterm>
      <indexterm><primary>expects()</primary></indexterm>
      <indexterm><primary>method()</primary></indexterm>
      <indexterm><primary>will()</primary></indexterm>
      <indexterm><primary>throwException()</primary></indexterm>
      <title>メソッドに例外をスローさせるスタブ</title>
      <programlisting><![CDATA[<?php
class SomeClass
{
    public function doSomething()
    {
        // なにかをします
    }
}

class StubTest extends PHPUnit_Framework_TestCase
{
    public function testThrowExceptionStub()
    {
        // SomeClass クラスのスタブを作成します
        $stub = $this->getMock('SomeClass');

        // スタブの設定を行います
        $stub->expects($this->any())
             ->method('doSomething')
             ->will($this->throwException(new Exception));

        // $stub->doSomething() は例外をスローします
        $stub->doSomething();
    }
}
?>]]></programlisting>
    </example>

    <para>
      また、スタブを使用することで、よりよい設計を行うことができるようにもなります。
      あちこちで使用されているリソースを単一の窓口 (façade : ファサード)
      経由でアクセスするようにすることで、
      それを簡単にスタブに置き換えられるようになります。例えば、
      データベースへのアクセスのコードをそこらじゅうにちりばめるのではなく、
      その代わりに <literal>IDatabase</literal> インターフェイスを実装した単一の
      <literal>Database</literal> オブジェクトを使用するようにします。すると、
      <literal>IDatabase</literal> を実装したスタブを作成することで、
      それをテストに使用できるようになるのです。同時に、
      テストを行う際にスタブデータベースを使用するか
      本物のデータベースを使用するかを選択できるようになります。
      つまり開発時にはローカル環境でテストし、
      統合テスト時には実際のデータベースでテストするといったことができるようになるのです。
    </para>

    <para>
      スタブ化しなければならない機能は、たいてい同一オブジェクト内で密結合しています。
      この機能ををひとつの結合したインターフェイスにまとめることで、
      システムのそれ以外の部分との結合を緩やかにすることができます。
    </para>
  </section>

  <section id="test-doubles.mock-objects">
    <title>モックオブジェクト</title>

    <para>
      <indexterm><primary>Mock Object</primary></indexterm>

      <emphasis>モックオブジェクト</emphasis> は
      SUT の間接的な出力の内容を検証するために使用する観測地点です。
      一般的に、モックオブジェクトにはテスト用スタブの機能も含まれます。
      まだテストに失敗していない場合に、間接的な出力の検証用の値を SUT に返す機能です。
      したがって、モックオブジェクトとは
      テスト用スタブにアサーション機能を足しただけのものとは異なります。
      それ以外の用途にも使うことができます。
    </para>

    <para>
      オブジェクトに対するコールが正しく行われたかどうかを調べたいこともあるでしょう。
      その方法をここで説明します。ここでは、別のオブジェクトを観察している
      あるオブジェクトの特定のメソッド (この例では <literal>update()</literal>)
      が正しくコールされたかどうかを調べるものとします。
    </para>

    <para>
      <indexterm><primary>Mock Object</primary></indexterm>

      <xref linkend="test-doubles.mock-objects.examples.ObserverTest.php" /> では、まず
      <literal>PHPUnit_Framework_TestCase</literal> クラスの
      <literal>getMock()</literal> メソッド (<xref
      linkend="api.testcase.tables.api" /> を参照ください)
      を使用して <literal>Observer</literal> のモックオブジェクトを作成します。
      <literal>getMock()</literal> メソッドの二番目の (オプションの)
      パラメータに配列を指定しているので、<literal>Observer</literal>
      クラスの中の <literal>update()</literal> メソッドについてのみモック実装が作成されます。
    </para>

    <example id="test-doubles.mock-objects.examples.ObserverTest.php">
      <title>あるメソッドが、指定したパラメータで一度だけコールされることを確かめるテスト</title>
      <programlisting><![CDATA[<?php
require_once 'PHPUnit/Framework.php';

class Subject
{
    protected $observers = array();

    public function attach(Observer $observer)
    {
        $this->observers[] = $observer;
    }

    public function doSomething()
    {
        // なにかをします
        // ...

        // なにかしたということをオブザーバに通知します
        $this->notify('something');
    }

    protected function notify($argument)
    {
        foreach ($this->observers as $observer) {
            $observer->update($argument);
        }
    }
}

class Observer
{
    public function update($argument)
    {
        // なにかをします
    }
}

class ObserverTest extends PHPUnit_Framework_TestCase
{
    public function testUpdateIsCalledOnce()
    {
        // Observer クラスのモックを作成します。
        $observer = $this->getMock('Observer');

        // update() メソッドが一度だけコールされ、その際の
        // パラメータは文字列 'something' となる、
        // ということを期待しています。
        $observer->expects($this->once())
                 ->method('update')
                 ->with($this->equalTo('something'));

        // Subject オブジェクトを作成し、Observer オブジェクトの
        // モックをアタッチします。
        $subject = new Subject;
        $subject->attach($observer);

        // $subject オブジェクトの doSomething() メソッドをコールします。
        // これは、Observer オブジェクトのモックの update() メソッドを、
        // 文字列 'something' を引数としてコールすることを期待されています。
        $subject->doSomething();
    }
}
?>]]></programlisting>
    </example>

    <para>
      <xref linkend="api.assert.assertThat.tables.constraints"/>
      は制約の一覧、そして
      <xref linkend="test-doubles.mock-objects.tables.matchers"/>
      は使用できる matcher の一覧です。
    </para>

    <table id="test-doubles.mock-objects.tables.matchers">
      <title>Matchers</title>

      <tgroup cols="2" align="left" colsep="1" rowsep="1">
        <thead>
          <row>
            <entry>Matcher</entry>
            <entry>意味</entry>
          </row>
        </thead>
        <tbody>
          <row>
            <entry><literal>PHPUnit_Framework_MockObject_Matcher_AnyInvokedCount any()</literal></entry>
            <entry>評価対象のメソッドがゼロ回以上実行された際にマッチするオブジェクトを返します。</entry>
          </row>
          <row>
            <entry><literal>PHPUnit_Framework_MockObject_Matcher_InvokedCount never()</literal></entry>
            <entry>評価対象のメソッドが実行されなかった際にマッチするオブジェクトを返します。</entry>
          </row>
          <row>
            <entry><literal>PHPUnit_Framework_MockObject_Matcher_InvokedAtLeastOnce atLeastOnce()</literal></entry>
            <entry>評価対象のメソッドが最低一回以上実行された際にマッチするオブジェクトを返します。</entry>
          </row>
          <row>
            <entry><literal>PHPUnit_Framework_MockObject_Matcher_InvokedCount once()</literal></entry>
            <entry>評価対象のメソッドが一度だけ実行された際にマッチするオブジェクトを返します。</entry>
          </row>
          <row>
            <entry><literal>PHPUnit_Framework_MockObject_Matcher_InvokedCount exactly(int $count)</literal></entry>
            <entry>評価対象のメソッドが指定した回数だけ実行された際にマッチするオブジェクトを返します。</entry>
          </row>
          <row>
            <entry><literal>PHPUnit_Framework_MockObject_Matcher_InvokedAtIndex at(int $index)</literal></entry>
            <entry>評価対象のメソッドが <literal>$index</literal> 回目に実行された際にマッチするオブジェクトを返します。</entry>
          </row>
        </tbody>
      </tgroup>
    </table>
  </section>

  <section id="test-doubles.mocking-the-filesystem">
    <title>ファイルシステムのモック</title>

    <para>
      <ulink url="http://code.google.com/p/bovigo/wiki/vfsStream">vfsStream</ulink> は
      <ulink url="http://ja.wikipedia.org/wiki/仮想ファイルシステム">仮想ファイルシステム</ulink>
      用の <ulink url="http://www.php.net/streams">ストリームラッパー</ulink> で、
      ユニットテストにおいて実際のファイルシステムのモックを作るときに有用です。
    </para>

    <para>
      vfsStream をインストールするには、配布元の PEAR チャンネル
      (<systemitem role="URL">pear.php-tools.net</systemitem>)
      をローカルの PEAR 環境に登録しなければなりません。
    </para>

    <screen><userinput>pear channel-discover pear.php-tools.net</userinput></screen>

    <para>
      これが必要なのは最初の一度だけです。これで、
      PEAR インストーラを使って vfsStream をインストールできるようになりました。
    </para>

    <screen><userinput>pear install pat/vfsStream-alpha</userinput></screen>

    <para>
      <xref linkend="test-doubles.mocking-the-filesystem.examples.Example.php"/>
      は、ファイルシステムを操作するクラスの例です。
    </para>

    <example id="test-doubles.mocking-the-filesystem.examples.Example.php">
      <title>ファイルシステムを操作するクラス</title>
      <programlisting><![CDATA[<?php
class Example
{
    protected $id;
    protected $directory;

    public function __construct($id)
    {
        $this->id = $id;
    }

    public function setDirectory($directory)
    {
        $this->directory = $directory . DIRECTORY_SEPARATOR . $this->id;

        if (!file_exists($this->directory)) {
            mkdir($this->directory, 0700, TRUE);
        }
    }
}?>]]></programlisting>
    </example>

    <para>
      vfsStream のような仮想ファイルシステムがなければ、外部への影響なしに
      <literal>setDirectory()</literal> メソッドを個別にテストすることができません
      (<xref linkend="test-doubles.mocking-the-filesystem.examples.ExampleTest.php"/>
      を参照ください)。
    </para>

    <example id="test-doubles.mocking-the-filesystem.examples.ExampleTest.php">
      <title>ファイルシステムを操作するクラスのテスト</title>
      <programlisting><![CDATA[<?php
require_once 'Example.php';

class ExampleTest extends PHPUnit_Framework_TestCase
{
    protected function setUp()
    {
        if (file_exists(dirname(__FILE__) . '/id')) {
            rmdir(dirname(__FILE__) . '/id');
        }
    }

    public function testDirectoryIsCreated()
    {
        $example = new Example('id');
        $this->assertFalse(file_exists(dirname(__FILE__) . '/id'));

        $example->setDirectory(dirname(__FILE__));
        $this->assertTrue(file_exists(dirname(__FILE__) . '/id'));
    }

    protected function tearDown()
    {
        if (file_exists(dirname(__FILE__) . '/id')) {
            rmdir(dirname(__FILE__) . '/id');
        }
    }
}
?>]]></programlisting>
    </example>

    <para>
      この方式には、次のような問題があります。
    </para>

    <itemizedlist>
      <listitem><para>外部のリソースを使うため、ファイルシステムのテストが断続的になる可能性があります。その結果、テストがあまり当てにならないものになります。</para></listitem>
      <listitem><para><literal>setUp()</literal> と <literal>tearDown()</literal> で、テストの前後にそのディレクトリがないことを確認する必要があります。</para></listitem>
      <listitem><para><literal>tearDown()</literal> メソッドを実行する前にテストが異常終了したときに、ファイルシステム上にディレクトリが残ったままとなります。</para></listitem>
    </itemizedlist>

    <para>
      <xref linkend="test-doubles.mocking-the-filesystem.examples.ExampleTest2.php"/>
      は、vfsStream を使ってファイルシステムのモックを作成し、
      ファイルシステムを操作するクラスのテストを行う例です。
    </para>

    <example id="test-doubles.mocking-the-filesystem.examples.ExampleTest2.php">
      <title>ファイルシステムを操作するクラスのテストにおけるファイルシステムのモックの作成</title>
      <programlisting><![CDATA[<?php
require_once 'vfsStream/vfsStream.php';
require_once 'Example.php';

class ExampleTest extends PHPUnit_Framework_TestCase
{
    public function setUp()
    {
        vfsStreamWrapper::register();
        vfsStreamWrapper::setRoot(new vfsStreamDirectory('exampleDir'));
    }

    public function testDirectoryIsCreated()
    {
        $example = new Example('id');
        $this->assertFalse(vfsStreamWrapper::getRoot()->hasChild('id'));

        $example->setDirectory(vfsStream::url('exampleDir'));
        $this->assertTrue(vfsStreamWrapper::getRoot()->hasChild('id'));
    }
}
?>]]></programlisting>
    </example>

    <para>
      この方式には次のような利点があります。
    </para>

    <itemizedlist>
      <listitem><para>テストが簡潔になります。</para></listitem>
      <listitem><para>vfsStream が、テスト対象のコードから操作するファイルシステム環境を用意してくれるので、開発者はそれを自由に扱えるようになります。</para></listitem>
      <listitem><para>実際のファイルシステムを操作することがなくなるので、<literal>tearDown()</literal> メソッドでの後始末が不要になります。</para></listitem>
    </itemizedlist>
  </section>
</chapter>
